<?xml version="1.0" encoding="UTF-8"?>
<testng-results ignored="0" total="4" passed="4" failed="0" skipped="0">
  <reporter-output>
  </reporter-output>
  <suite started-at="2023-11-30T14:21:56 IST" name="Suite" finished-at="2023-11-30T14:22:15 IST" duration-ms="19638">
    <groups>
    </groups>
    <test started-at="2023-11-30T14:21:56 IST" name="Test" finished-at="2023-11-30T14:22:15 IST" duration-ms="19638">
      <class name="Selenium.E2EProject.ValidateNavigationbar">
        <test-method is-config="true" signature="initialize()[pri:0, instance:Selenium.E2EProject.ValidateNavigationbar@76a36b71]" started-at="2023-11-30T14:21:56 IST" name="initialize" finished-at="2023-11-30T14:21:58 IST" duration-ms="2656" status="PASS">
          <reporter-output>
          </reporter-output>
        </test-method> <!-- initialize -->
        <test-method signature="validNavbar()[pri:0, instance:Selenium.E2EProject.ValidateNavigationbar@76a36b71]" started-at="2023-11-30T14:22:15 IST" name="validNavbar" finished-at="2023-11-30T14:22:15 IST" duration-ms="57" status="PASS">
          <reporter-output>
          </reporter-output>
        </test-method> <!-- validNavbar -->
        <test-method is-config="true" signature="tearDown()[pri:0, instance:Selenium.E2EProject.ValidateNavigationbar@76a36b71]" started-at="2023-11-30T14:22:15 IST" name="tearDown" finished-at="2023-11-30T14:22:15 IST" duration-ms="136" status="PASS">
          <reporter-output>
          </reporter-output>
        </test-method> <!-- tearDown -->
      </class> <!-- Selenium.E2EProject.ValidateNavigationbar -->
      <class name="Selenium.E2EProject.ValidateTitleHome">
        <test-method is-config="true" signature="initialize()[pri:0, instance:Selenium.E2EProject.ValidateTitleHome@184497d1]" started-at="2023-11-30T14:21:58 IST" name="initialize" finished-at="2023-11-30T14:21:59 IST" duration-ms="704" status="PASS">
          <reporter-output>
          </reporter-output>
        </test-method> <!-- initialize -->
        <test-method signature="validTitle()[pri:0, instance:Selenium.E2EProject.ValidateTitleHome@184497d1]" started-at="2023-11-30T14:22:15 IST" name="validTitle" finished-at="2023-11-30T14:22:15 IST" duration-ms="91" status="PASS">
          <reporter-output>
          </reporter-output>
        </test-method> <!-- validTitle -->
        <test-method is-config="true" signature="tearDown()[pri:0, instance:Selenium.E2EProject.ValidateTitleHome@184497d1]" started-at="2023-11-30T14:22:15 IST" name="tearDown" finished-at="2023-11-30T14:22:15 IST" duration-ms="109" status="PASS">
          <reporter-output>
          </reporter-output>
        </test-method> <!-- tearDown -->
      </class> <!-- Selenium.E2EProject.ValidateTitleHome -->
      <class name="Selenium.E2EProject.ValidateUserLogin">
        <test-method is-config="true" signature="initialize()[pri:0, instance:Selenium.E2EProject.ValidateUserLogin@2c1b9e4b]" started-at="2023-11-30T14:21:59 IST" name="initialize" finished-at="2023-11-30T14:22:03 IST" duration-ms="3571" status="PASS">
          <reporter-output>
          </reporter-output>
        </test-method> <!-- initialize -->
        <test-method signature="basePageNavigation(java.lang.String,java.lang.String,java.lang.String)[pri:0, instance:Selenium.E2EProject.ValidateUserLogin@2c1b9e4b]" started-at="2023-11-30T14:22:03 IST" name="basePageNavigation" data-provider="getData" finished-at="2023-11-30T14:22:07 IST" duration-ms="3982" status="PASS">
          <params>
            <param index="0">
              <value>
                <![CDATA[nonrestricteduser@gmail.com]]>
              </value>
            </param>
            <param index="1">
              <value>
                <![CDATA[123456]]>
              </value>
            </param>
            <param index="2">
              <value>
                <![CDATA[Restricted User]]>
              </value>
            </param>
          </params>
          <reporter-output>
          </reporter-output>
        </test-method> <!-- basePageNavigation -->
        <test-method is-config="true" signature="tearDown()[pri:0, instance:Selenium.E2EProject.ValidateUserLogin@2c1b9e4b]" started-at="2023-11-30T14:22:07 IST" name="tearDown" finished-at="2023-11-30T14:22:07 IST" duration-ms="146" status="PASS">
          <reporter-output>
          </reporter-output>
        </test-method> <!-- tearDown -->
        <test-method is-config="true" signature="initialize()[pri:0, instance:Selenium.E2EProject.ValidateUserLogin@2c1b9e4b]" started-at="2023-11-30T14:22:07 IST" name="initialize" finished-at="2023-11-30T14:22:09 IST" duration-ms="2688" status="PASS">
          <reporter-output>
          </reporter-output>
        </test-method> <!-- initialize -->
        <test-method signature="basePageNavigation(java.lang.String,java.lang.String,java.lang.String)[pri:0, instance:Selenium.E2EProject.ValidateUserLogin@2c1b9e4b]" started-at="2023-11-30T14:22:09 IST" name="basePageNavigation" data-provider="getData" finished-at="2023-11-30T14:22:15 IST" duration-ms="5210" status="PASS">
          <params>
            <param index="0">
              <value>
                <![CDATA[restricteduser@gmail.com]]>
              </value>
            </param>
            <param index="1">
              <value>
                <![CDATA[1234567]]>
              </value>
            </param>
            <param index="2">
              <value>
                <![CDATA[Non Restricted User]]>
              </value>
            </param>
          </params>
          <reporter-output>
          </reporter-output>
        </test-method> <!-- basePageNavigation -->
        <test-method is-config="true" signature="tearDown()[pri:0, instance:Selenium.E2EProject.ValidateUserLogin@2c1b9e4b]" started-at="2023-11-30T14:22:15 IST" name="tearDown" finished-at="2023-11-30T14:22:15 IST" duration-ms="110" status="PASS">
          <reporter-output>
          </reporter-output>
        </test-method> <!-- tearDown -->
      </class> <!-- Selenium.E2EProject.ValidateUserLogin -->
    </test> <!-- Test -->
  </suite> <!-- Suite -->
</testng-results>
