<?xml version="1.0" encoding="UTF-8"?>
<!-- Generated by org.testng.reporters.JUnitXMLReporter -->
<testsuite ignored="4" hostname="ProminentPixel" failures="0" tests="7" name="Car Loan" time="0.023" errors="0" timestamp="2023-11-22T18:46:20 IST">
  <testcase classname="test.Demo3" name="loginAPICarLoan" time="0.001"/>
  <testcase classname="test.Demo3" name="webSignInCarLoan" time="0.001"/>
  <testcase classname="test.Demo3" name="xsignInAPICarLoan" time="0.001"/>
  <testcase classname="test.Demo3" name="xsignInAPICarLoan" time="0.001"/>
  <testcase classname="test.Demo3" name="xsignInAPICarLoan" time="0.001"/>
  <testcase classname="test.Demo3" name="webLoginCarLoan" time="0.001"/>
  <testcase classname="test.Demo4" name="loginAPIHomeLoan" time="0.001"/>
  <testcase classname="test.Demo3" name="mobileLoginCarLoan" time="0.0">
    <ignored/>
  </testcase> <!-- mobileLoginCarLoan -->
  <testcase classname="test.Demo4" name="mobileLoginHomeLoan" time="0.0">
    <ignored/>
  </testcase> <!-- mobileLoginHomeLoan -->
  <testcase classname="test.Demo4" name="webLoginHomeLoan" time="0.0">
    <ignored/>
  </testcase> <!-- webLoginHomeLoan -->
  <testcase classname="test.Demo3" name="webSignOutCarLoan" time="0.0">
    <ignored/>
  </testcase> <!-- webSignOutCarLoan -->
</testsuite> <!-- Car Loan -->
