<?xml version="1.0" encoding="UTF-8"?>
<!-- Generated by org.testng.reporters.JUnitXMLReporter -->
<testsuite ignored="8" hostname="ProminentPixel" failures="0" tests="3" name="Test" time="0.039" errors="0" timestamp="2023-11-22T16:13:38 IST">
  <testcase classname="test.Demo2" name="test2" time="0.007"/>
  <testcase classname="test.Demo3" name="webSignInCarLoan" time="0.001"/>
  <testcase classname="test.Demo4" name="mobileLoginHomeLoan" time="0.001"/>
  <testcase classname="test.Demo3" name="mobileLoginCarLoan" time="0.0">
    <ignored/>
  </testcase> <!-- mobileLoginCarLoan -->
  <testcase classname="test.Demo1" name="test1" time="0.0">
    <ignored/>
  </testcase> <!-- test1 -->
  <testcase classname="test.Demo4" name="webLoginHomeLoan" time="0.0">
    <ignored/>
  </testcase> <!-- webLoginHomeLoan -->
  <testcase classname="test.Demo4" name="loginAPIHomeLoan" time="0.0">
    <ignored/>
  </testcase> <!-- loginAPIHomeLoan -->
  <testcase classname="test.Demo3" name="webLoginCarLoan" time="0.0">
    <ignored/>
  </testcase> <!-- webLoginCarLoan -->
  <testcase classname="test.Demo1" name="test2" time="0.0">
    <ignored/>
  </testcase> <!-- test2 -->
  <testcase classname="test.Demo3" name="webSignOutCarLoan" time="0.0">
    <ignored/>
  </testcase> <!-- webSignOutCarLoan -->
  <testcase classname="test.Demo3" name="loginAPICarLoan" time="0.0">
    <ignored/>
  </testcase> <!-- loginAPICarLoan -->
</testsuite> <!-- Test -->
