<?xml version="1.0" encoding="UTF-8"?>
<testng-results ignored="5" total="12" passed="7" failed="0" skipped="0">
  <reporter-output>
  </reporter-output>
  <suite started-at="2023-11-22T18:09:52 IST" name="Suite" finished-at="2023-11-22T18:09:52 IST" duration-ms="149">
    <groups>
      <group name="smoke">
        <method signature="Demo2.test2()[pri:0, instance:test.Demo2@7ea9e1e2]" name="test2" class="test.Demo2"/>
        <method signature="Demo3.webSignInCarLoan()[pri:0, instance:test.Demo3@bae7dc0]" name="webSignInCarLoan" class="test.Demo3"/>
      </group> <!-- smoke -->
    </groups>
    <test started-at="2023-11-22T18:09:52 IST" name="Test" finished-at="2023-11-22T18:09:52 IST" duration-ms="53">
      <class name="test.Demo2">
        <test-method signature="test2()[pri:0, instance:test.Demo2@7ea9e1e2]" started-at="2023-11-22T18:09:52 IST" name="test2" finished-at="2023-11-22T18:09:52 IST" duration-ms="9" status="PASS">
          <reporter-output>
          </reporter-output>
        </test-method> <!-- test2 -->
        <test-method is-config="true" signature="afterEveryMethod()[pri:0, instance:test.Demo2@7ea9e1e2]" started-at="2023-11-22T18:09:52 IST" name="afterEveryMethod" finished-at="2023-11-22T18:09:52 IST" duration-ms="3" status="PASS">
          <reporter-output>
          </reporter-output>
        </test-method> <!-- afterEveryMethod -->
        <test-method is-config="true" signature="afterClass()[pri:0, instance:test.Demo2@7ea9e1e2]" started-at="2023-11-22T18:09:52 IST" name="afterClass" finished-at="2023-11-22T18:09:52 IST" duration-ms="1" status="PASS">
          <reporter-output>
          </reporter-output>
        </test-method> <!-- afterClass -->
        <test-method is-config="true" signature="lastExecution()[pri:0, instance:test.Demo2@7ea9e1e2]" started-at="2023-11-22T18:09:52 IST" name="lastExecution" finished-at="2023-11-22T18:09:52 IST" duration-ms="1" status="PASS">
          <reporter-output>
          </reporter-output>
        </test-method> <!-- lastExecution -->
      </class> <!-- test.Demo2 -->
      <class name="test.Demo1">
        <test-method is-config="true" signature="firstExecution()[pri:0, instance:test.Demo1@3e84448c]" started-at="2023-11-22T18:09:52 IST" name="firstExecution" finished-at="2023-11-22T18:09:52 IST" duration-ms="1" status="PASS">
          <reporter-output>
          </reporter-output>
        </test-method> <!-- firstExecution -->
        <test-method is-config="true" signature="beforeClass()[pri:0, instance:test.Demo1@3e84448c]" started-at="2023-11-22T18:09:52 IST" name="beforeClass" finished-at="2023-11-22T18:09:52 IST" duration-ms="0" status="PASS">
          <reporter-output>
          </reporter-output>
        </test-method> <!-- beforeClass -->
        <test-method is-config="true" signature="beforeEveryMethod()[pri:0, instance:test.Demo1@3e84448c]" started-at="2023-11-22T18:09:52 IST" name="beforeEveryMethod" finished-at="2023-11-22T18:09:52 IST" duration-ms="1" status="PASS">
          <reporter-output>
          </reporter-output>
        </test-method> <!-- beforeEveryMethod -->
        <test-method signature="test1(java.lang.String,java.lang.String)[pri:0, instance:test.Demo1@3e84448c]" started-at="2023-11-22T18:09:52 IST" name="test1" finished-at="2023-11-22T18:09:52 IST" duration-ms="4" status="PASS">
          <params>
            <param index="0">
              <value>
                <![CDATA[gmail.com]]>
              </value>
            </param>
            <param index="1">
              <value>
                <![CDATA[123456]]>
              </value>
            </param>
          </params>
          <reporter-output>
          </reporter-output>
        </test-method> <!-- test1 -->
      </class> <!-- test.Demo1 -->
    </test> <!-- Test -->
    <test started-at="2023-11-22T18:09:52 IST" name="Car Loan" finished-at="2023-11-22T18:09:52 IST" duration-ms="18">
      <class name="test.Demo4">
        <test-method signature="loginAPIHomeLoan()[pri:0, instance:test.Demo4@209da20d]" started-at="2023-11-22T18:09:52 IST" name="loginAPIHomeLoan" finished-at="2023-11-22T18:09:52 IST" duration-ms="1" status="PASS">
          <reporter-output>
          </reporter-output>
        </test-method> <!-- loginAPIHomeLoan -->
      </class> <!-- test.Demo4 -->
      <class name="test.Demo3">
        <test-method is-config="true" signature="beforeSuite()[pri:0, instance:test.Demo3@bae7dc0]" started-at="2023-11-22T18:09:52 IST" name="beforeSuite" finished-at="2023-11-22T18:09:52 IST" duration-ms="5" status="PASS">
          <reporter-output>
          </reporter-output>
        </test-method> <!-- beforeSuite -->
        <test-method signature="loginAPICarLoan()[pri:0, instance:test.Demo3@bae7dc0]" started-at="2023-11-22T18:09:52 IST" name="loginAPICarLoan" finished-at="2023-11-22T18:09:52 IST" duration-ms="1" status="PASS">
          <reporter-output>
          </reporter-output>
        </test-method> <!-- loginAPICarLoan -->
        <test-method signature="webSignInCarLoan()[pri:0, instance:test.Demo3@bae7dc0]" started-at="2023-11-22T18:09:52 IST" name="webSignInCarLoan" finished-at="2023-11-22T18:09:52 IST" duration-ms="4" status="PASS">
          <reporter-output>
          </reporter-output>
        </test-method> <!-- webSignInCarLoan -->
        <test-method signature="xsignInAPICarLoan()[pri:0, instance:test.Demo3@bae7dc0]" started-at="2023-11-22T18:09:52 IST" name="xsignInAPICarLoan" finished-at="2023-11-22T18:09:52 IST" duration-ms="1" status="PASS">
          <reporter-output>
          </reporter-output>
        </test-method> <!-- xsignInAPICarLoan -->
        <test-method signature="webLoginCarLoan(java.lang.String)[pri:0, instance:test.Demo3@bae7dc0]" started-at="2023-11-22T18:09:52 IST" name="webLoginCarLoan" finished-at="2023-11-22T18:09:52 IST" depends-on-methods="test.Demo3.loginAPICarLoan, test.Demo3.xsignInAPICarLoan" duration-ms="1" status="PASS">
          <params>
            <param index="0">
              <value>
                <![CDATA[google.com]]>
              </value>
            </param>
          </params>
          <reporter-output>
          </reporter-output>
        </test-method> <!-- webLoginCarLoan -->
      </class> <!-- test.Demo3 -->
      <class name="test.Demo1">
        <test-method is-config="true" signature="afterSuite()[pri:0, instance:test.Demo1@3e84448c]" started-at="2023-11-22T18:09:52 IST" name="afterSuite" finished-at="2023-11-22T18:09:52 IST" duration-ms="0" status="PASS">
          <reporter-output>
          </reporter-output>
        </test-method> <!-- afterSuite -->
      </class> <!-- test.Demo1 -->
    </test> <!-- Car Loan -->
  </suite> <!-- Suite -->
</testng-results>
