<?xml version="1.0" encoding="UTF-8"?>
<testng-results ignored="0" total="11" passed="11" failed="0" skipped="0">
  <reporter-output>
  </reporter-output>
  <suite started-at="2023-11-22T11:31:32 IST" name="Suite" finished-at="2023-11-22T11:31:32 IST" duration-ms="51">
    <groups>
    </groups>
    <test started-at="2023-11-22T11:31:32 IST" name="Test" finished-at="2023-11-22T11:31:32 IST" duration-ms="51">
      <class name="test.Demo4">
        <test-method signature="loginAPIHomeLoan()[pri:0, instance:test.Demo4@5ace1ed4]" started-at="2023-11-22T11:31:32 IST" name="loginAPIHomeLoan" finished-at="2023-11-22T11:31:32 IST" duration-ms="1" status="PASS">
          <reporter-output>
          </reporter-output>
        </test-method> <!-- loginAPIHomeLoan -->
        <test-method signature="mobileLoginHomeLoan()[pri:0, instance:test.Demo4@5ace1ed4]" started-at="2023-11-22T11:31:32 IST" name="mobileLoginHomeLoan" finished-at="2023-11-22T11:31:32 IST" duration-ms="1" status="PASS">
          <reporter-output>
          </reporter-output>
        </test-method> <!-- mobileLoginHomeLoan -->
        <test-method signature="webLoginHomeLoan()[pri:0, instance:test.Demo4@5ace1ed4]" started-at="2023-11-22T11:31:32 IST" name="webLoginHomeLoan" finished-at="2023-11-22T11:31:32 IST" duration-ms="0" status="PASS">
          <reporter-output>
          </reporter-output>
        </test-method> <!-- webLoginHomeLoan -->
      </class> <!-- test.Demo4 -->
      <class name="test.Demo3">
        <test-method signature="loginAPICarLoan()[pri:0, instance:test.Demo3@649bec2e]" started-at="2023-11-22T11:31:32 IST" name="loginAPICarLoan" finished-at="2023-11-22T11:31:32 IST" duration-ms="0" status="PASS">
          <reporter-output>
          </reporter-output>
        </test-method> <!-- loginAPICarLoan -->
        <test-method signature="mobileLoginCarLoan()[pri:0, instance:test.Demo3@649bec2e]" started-at="2023-11-22T11:31:32 IST" name="mobileLoginCarLoan" finished-at="2023-11-22T11:31:32 IST" duration-ms="1" status="PASS">
          <reporter-output>
          </reporter-output>
        </test-method> <!-- mobileLoginCarLoan -->
        <test-method signature="webLoginCarLoan()[pri:0, instance:test.Demo3@649bec2e]" started-at="2023-11-22T11:31:32 IST" name="webLoginCarLoan" finished-at="2023-11-22T11:31:32 IST" duration-ms="1" status="PASS">
          <reporter-output>
          </reporter-output>
        </test-method> <!-- webLoginCarLoan -->
        <test-method signature="webSignInCarLoan()[pri:0, instance:test.Demo3@649bec2e]" started-at="2023-11-22T11:31:32 IST" name="webSignInCarLoan" finished-at="2023-11-22T11:31:32 IST" duration-ms="1" status="PASS">
          <reporter-output>
          </reporter-output>
        </test-method> <!-- webSignInCarLoan -->
        <test-method signature="webSignOutCarLoan()[pri:0, instance:test.Demo3@649bec2e]" started-at="2023-11-22T11:31:32 IST" name="webSignOutCarLoan" finished-at="2023-11-22T11:31:32 IST" duration-ms="1" status="PASS">
          <reporter-output>
          </reporter-output>
        </test-method> <!-- webSignOutCarLoan -->
      </class> <!-- test.Demo3 -->
      <class name="test.Demo2">
        <test-method signature="test2()[pri:0, instance:test.Demo2@1613674b]" started-at="2023-11-22T11:31:32 IST" name="test2" finished-at="2023-11-22T11:31:32 IST" duration-ms="0" status="PASS">
          <reporter-output>
          </reporter-output>
        </test-method> <!-- test2 -->
      </class> <!-- test.Demo2 -->
      <class name="test.Demo1">
        <test-method signature="test1()[pri:0, instance:test.Demo1@74455848]" started-at="2023-11-22T11:31:32 IST" name="test1" finished-at="2023-11-22T11:31:32 IST" duration-ms="5" status="PASS">
          <reporter-output>
          </reporter-output>
        </test-method> <!-- test1 -->
        <test-method signature="test2()[pri:0, instance:test.Demo1@74455848]" started-at="2023-11-22T11:31:32 IST" name="test2" finished-at="2023-11-22T11:31:32 IST" duration-ms="1" status="PASS">
          <reporter-output>
          </reporter-output>
        </test-method> <!-- test2 -->
      </class> <!-- test.Demo1 -->
    </test> <!-- Test -->
  </suite> <!-- Suite -->
</testng-results>
