<?xml version="1.0" encoding="UTF-8"?>
<testng-results ignored="8" total="11" passed="3" failed="0" skipped="0">
  <reporter-output>
  </reporter-output>
  <suite started-at="2023-11-22T16:13:38 IST" name="Suite" finished-at="2023-11-22T16:13:38 IST" duration-ms="39">
    <groups>
      <group name="smoke">
        <method signature="Demo2.test2()[pri:0, instance:test.Demo2@2df9b86]" name="test2" class="test.Demo2"/>
        <method signature="Demo3.webSignInCarLoan()[pri:0, instance:test.Demo3@33990a0c]" name="webSignInCarLoan" class="test.Demo3"/>
        <method signature="Demo4.mobileLoginHomeLoan()[pri:0, instance:test.Demo4@4de4b452]" name="mobileLoginHomeLoan" class="test.Demo4"/>
      </group> <!-- smoke -->
    </groups>
    <test started-at="2023-11-22T16:13:38 IST" name="Test" finished-at="2023-11-22T16:13:38 IST" duration-ms="39">
      <class name="test.Demo4">
        <test-method signature="mobileLoginHomeLoan()[pri:0, instance:test.Demo4@4de4b452]" started-at="2023-11-22T16:13:38 IST" name="mobileLoginHomeLoan" finished-at="2023-11-22T16:13:38 IST" duration-ms="1" status="PASS">
          <reporter-output>
          </reporter-output>
        </test-method> <!-- mobileLoginHomeLoan -->
      </class> <!-- test.Demo4 -->
      <class name="test.Demo3">
        <test-method signature="webSignInCarLoan()[pri:0, instance:test.Demo3@33990a0c]" started-at="2023-11-22T16:13:38 IST" name="webSignInCarLoan" finished-at="2023-11-22T16:13:38 IST" duration-ms="1" status="PASS">
          <reporter-output>
          </reporter-output>
        </test-method> <!-- webSignInCarLoan -->
      </class> <!-- test.Demo3 -->
      <class name="test.Demo2">
        <test-method signature="test2()[pri:0, instance:test.Demo2@2df9b86]" started-at="2023-11-22T16:13:38 IST" name="test2" finished-at="2023-11-22T16:13:38 IST" duration-ms="7" status="PASS">
          <reporter-output>
          </reporter-output>
        </test-method> <!-- test2 -->
      </class> <!-- test.Demo2 -->
    </test> <!-- Test -->
  </suite> <!-- Suite -->
</testng-results>
