<?xml version="1.0" encoding="UTF-8"?>
<testng-results ignored="4" total="9" passed="5" failed="0" skipped="0">
  <reporter-output>
  </reporter-output>
  <suite started-at="2023-11-22T11:06:43 IST" name="Suite" finished-at="2023-11-22T11:06:43 IST" duration-ms="104">
    <groups>
    </groups>
    <test started-at="2023-11-22T11:06:43 IST" name="Test" finished-at="2023-11-22T11:06:43 IST" duration-ms="34">
      <class name="test.Demo2">
        <test-method signature="test2()[pri:0, instance:test.Demo2@3246fb96]" started-at="2023-11-22T11:06:43 IST" name="test2" finished-at="2023-11-22T11:06:43 IST" duration-ms="5" status="PASS">
          <reporter-output>
          </reporter-output>
        </test-method> <!-- test2 -->
      </class> <!-- test.Demo2 -->
      <class name="test.Demo1">
        <test-method signature="test1()[pri:0, instance:test.Demo1@2bfc268b]" started-at="2023-11-22T11:06:43 IST" name="test1" finished-at="2023-11-22T11:06:43 IST" duration-ms="1" status="PASS">
          <reporter-output>
          </reporter-output>
        </test-method> <!-- test1 -->
      </class> <!-- test.Demo1 -->
    </test> <!-- Test -->
    <test started-at="2023-11-22T11:06:43 IST" name="Car Loan" finished-at="2023-11-22T11:06:43 IST" duration-ms="6">
      <class name="test.Demo4">
        <test-method signature="loginAPIHomeLoan()[pri:0, instance:test.Demo4@bd4dc25]" started-at="2023-11-22T11:06:43 IST" name="loginAPIHomeLoan" finished-at="2023-11-22T11:06:43 IST" duration-ms="1" status="PASS">
          <reporter-output>
          </reporter-output>
        </test-method> <!-- loginAPIHomeLoan -->
      </class> <!-- test.Demo4 -->
      <class name="test.Demo3">
        <test-method signature="loginAPICarLoan()[pri:0, instance:test.Demo3@505fc5a4]" started-at="2023-11-22T11:06:43 IST" name="loginAPICarLoan" finished-at="2023-11-22T11:06:43 IST" duration-ms="1" status="PASS">
          <reporter-output>
          </reporter-output>
        </test-method> <!-- loginAPICarLoan -->
        <test-method signature="webLoginCarLoan()[pri:0, instance:test.Demo3@505fc5a4]" started-at="2023-11-22T11:06:43 IST" name="webLoginCarLoan" finished-at="2023-11-22T11:06:43 IST" duration-ms="1" status="PASS">
          <reporter-output>
          </reporter-output>
        </test-method> <!-- webLoginCarLoan -->
      </class> <!-- test.Demo3 -->
    </test> <!-- Car Loan -->
  </suite> <!-- Suite -->
</testng-results>
