<?xml version="1.0" encoding="UTF-8"?>
<testng-results ignored="7" total="11" passed="4" failed="0" skipped="0">
  <reporter-output>
  </reporter-output>
  <suite started-at="2023-11-22T15:49:59 IST" name="Suite" finished-at="2023-11-22T15:49:59 IST" duration-ms="111">
    <groups>
    </groups>
    <test started-at="2023-11-22T15:49:59 IST" name="Test" finished-at="2023-11-22T15:49:59 IST" duration-ms="38">
      <class name="test.Demo2">
        <test-method signature="test2()[pri:0, instance:test.Demo2@37654521]" started-at="2023-11-22T15:49:59 IST" name="test2" finished-at="2023-11-22T15:49:59 IST" duration-ms="7" status="PASS">
          <reporter-output>
          </reporter-output>
        </test-method> <!-- test2 -->
        <test-method is-config="true" signature="afterEveryMethod()[pri:0, instance:test.Demo2@37654521]" started-at="2023-11-22T15:49:59 IST" name="afterEveryMethod" finished-at="2023-11-22T15:49:59 IST" duration-ms="1" status="PASS">
          <reporter-output>
          </reporter-output>
        </test-method> <!-- afterEveryMethod -->
        <test-method is-config="true" signature="afterClass()[pri:0, instance:test.Demo2@37654521]" started-at="2023-11-22T15:49:59 IST" name="afterClass" finished-at="2023-11-22T15:49:59 IST" duration-ms="1" status="PASS">
          <reporter-output>
          </reporter-output>
        </test-method> <!-- afterClass -->
        <test-method is-config="true" signature="lastExecution()[pri:0, instance:test.Demo2@37654521]" started-at="2023-11-22T15:49:59 IST" name="lastExecution" finished-at="2023-11-22T15:49:59 IST" duration-ms="1" status="PASS">
          <reporter-output>
          </reporter-output>
        </test-method> <!-- lastExecution -->
      </class> <!-- test.Demo2 -->
      <class name="test.Demo1">
        <test-method is-config="true" signature="firstExecution()[pri:0, instance:test.Demo1@759d26fb]" started-at="2023-11-22T15:49:59 IST" name="firstExecution" finished-at="2023-11-22T15:49:59 IST" duration-ms="0" status="PASS">
          <reporter-output>
          </reporter-output>
        </test-method> <!-- firstExecution -->
        <test-method signature="test1()[pri:0, instance:test.Demo1@759d26fb]" started-at="2023-11-22T15:49:59 IST" name="test1" finished-at="2023-11-22T15:49:59 IST" duration-ms="1" status="PASS">
          <reporter-output>
          </reporter-output>
        </test-method> <!-- test1 -->
        <test-method is-config="true" signature="beforeEveryMethod()[pri:0, instance:test.Demo1@759d26fb]" started-at="2023-11-22T15:49:59 IST" name="beforeEveryMethod" finished-at="2023-11-22T15:49:59 IST" duration-ms="0" status="PASS">
          <reporter-output>
          </reporter-output>
        </test-method> <!-- beforeEveryMethod -->
        <test-method is-config="true" signature="beforeClass()[pri:0, instance:test.Demo1@759d26fb]" started-at="2023-11-22T15:49:59 IST" name="beforeClass" finished-at="2023-11-22T15:49:59 IST" duration-ms="0" status="PASS">
          <reporter-output>
          </reporter-output>
        </test-method> <!-- beforeClass -->
      </class> <!-- test.Demo1 -->
    </test> <!-- Test -->
    <test started-at="2023-11-22T15:49:59 IST" name="Car Loan" finished-at="2023-11-22T15:49:59 IST" duration-ms="5">
      <class name="test.Demo4">
        <test-method signature="loginAPIHomeLoan()[pri:0, instance:test.Demo4@7bd4937b]" started-at="2023-11-22T15:49:59 IST" name="loginAPIHomeLoan" finished-at="2023-11-22T15:49:59 IST" duration-ms="1" status="PASS">
          <reporter-output>
          </reporter-output>
        </test-method> <!-- loginAPIHomeLoan -->
      </class> <!-- test.Demo4 -->
      <class name="test.Demo3">
        <test-method is-config="true" signature="beforeSuite()[pri:0, instance:test.Demo3@2c35e847]" started-at="2023-11-22T15:49:59 IST" name="beforeSuite" finished-at="2023-11-22T15:49:59 IST" duration-ms="4" status="PASS">
          <reporter-output>
          </reporter-output>
        </test-method> <!-- beforeSuite -->
        <test-method signature="loginAPICarLoan()[pri:0, instance:test.Demo3@2c35e847]" started-at="2023-11-22T15:49:59 IST" name="loginAPICarLoan" finished-at="2023-11-22T15:49:59 IST" duration-ms="1" status="PASS">
          <reporter-output>
          </reporter-output>
        </test-method> <!-- loginAPICarLoan -->
      </class> <!-- test.Demo3 -->
      <class name="test.Demo1">
        <test-method is-config="true" signature="afterSuite()[pri:0, instance:test.Demo1@759d26fb]" started-at="2023-11-22T15:49:59 IST" name="afterSuite" finished-at="2023-11-22T15:49:59 IST" duration-ms="0" status="PASS">
          <reporter-output>
          </reporter-output>
        </test-method> <!-- afterSuite -->
      </class> <!-- test.Demo1 -->
    </test> <!-- Car Loan -->
  </suite> <!-- Suite -->
</testng-results>
