<?xml version="1.0" encoding="UTF-8"?>
<!-- Generated by org.testng.reporters.JUnitXMLReporter -->
<testsuite ignored="0" hostname="ProminentPixel" failures="0" tests="2" name="Default test" time="38.284" errors="0" timestamp="2023-12-07T15:27:15 IST">
  <testcase classname="io.cucumber.testng.AbstractTestNGCucumberTests" name="runScenario" time="18.524"/>
  <testcase classname="io.cucumber.testng.AbstractTestNGCucumberTests" name="runScenario" time="19.572"/>
</testsuite> <!-- Default test -->
