<?xml version="1.0" encoding="UTF-8"?>
<testng-results ignored="0" total="1" passed="1" failed="0" skipped="0">
  <reporter-output>
  </reporter-output>
  <suite started-at="2023-11-27T13:22:07 IST" name="Default suite" finished-at="2023-11-27T13:22:11 IST" duration-ms="3134">
    <groups>
    </groups>
    <test started-at="2023-11-27T13:22:07 IST" name="Default test" finished-at="2023-11-27T13:22:11 IST" duration-ms="3134">
      <class name="MevenPractice.ExtentReports.ExtentReportDemo">
        <test-method is-config="true" signature="config()[pri:0, instance:MevenPractice.ExtentReports.ExtentReportDemo@54e1c68b]" started-at="2023-11-27T13:22:07 IST" name="config" finished-at="2023-11-27T13:22:08 IST" duration-ms="168" status="PASS">
          <reporter-output>
          </reporter-output>
        </test-method> <!-- config -->
        <test-method signature="initialDemo()[pri:0, instance:MevenPractice.ExtentReports.ExtentReportDemo@54e1c68b]" started-at="2023-11-27T13:22:08 IST" name="initialDemo" finished-at="2023-11-27T13:22:11 IST" duration-ms="2938" status="PASS">
          <reporter-output>
          </reporter-output>
        </test-method> <!-- initialDemo -->
      </class> <!-- MevenPractice.ExtentReports.ExtentReportDemo -->
    </test> <!-- Default test -->
  </suite> <!-- Default suite -->
</testng-results>
