<?xml version="1.0" encoding="UTF-8"?>
<testng-results ignored="0" total="4" passed="4" failed="0" skipped="0">
  <reporter-output>
  </reporter-output>
  <suite started-at="2023-11-25T12:32:42 IST" name="Suite" finished-at="2023-11-25T12:32:43 IST" duration-ms="43">
    <groups>
    </groups>
    <test started-at="2023-11-25T12:32:42 IST" name="Test" finished-at="2023-11-25T12:32:43 IST" duration-ms="43">
      <class name="MevenPractices.MavenJava.SeleniumTest">
        <test-method signature="BrowserAutomation()[pri:0, instance:MevenPractices.MavenJava.SeleniumTest@4229bb3f]" started-at="2023-11-25T12:32:43 IST" name="BrowserAutomation" finished-at="2023-11-25T12:32:43 IST" duration-ms="0" status="PASS">
          <reporter-output>
          </reporter-output>
        </test-method> <!-- BrowserAutomation -->
        <test-method signature="elementUI()[pri:0, instance:MevenPractices.MavenJava.SeleniumTest@4229bb3f]" started-at="2023-11-25T12:32:43 IST" name="elementUI" finished-at="2023-11-25T12:32:43 IST" duration-ms="0" status="PASS">
          <reporter-output>
          </reporter-output>
        </test-method> <!-- elementUI -->
      </class> <!-- MevenPractices.MavenJava.SeleniumTest -->
      <class name="MevenPractices.MavenJava.AppiumTest">
        <test-method signature="IOSApps()[pri:0, instance:MevenPractices.MavenJava.AppiumTest@581ac8a8]" started-at="2023-11-25T12:32:43 IST" name="IOSApps" finished-at="2023-11-25T12:32:43 IST" duration-ms="8" status="PASS">
          <reporter-output>
          </reporter-output>
        </test-method> <!-- IOSApps -->
        <test-method signature="nativeAppsAndroids()[pri:0, instance:MevenPractices.MavenJava.AppiumTest@581ac8a8]" started-at="2023-11-25T12:32:43 IST" name="nativeAppsAndroids" finished-at="2023-11-25T12:32:43 IST" duration-ms="2" status="PASS">
          <reporter-output>
          </reporter-output>
        </test-method> <!-- nativeAppsAndroids -->
      </class> <!-- MevenPractices.MavenJava.AppiumTest -->
    </test> <!-- Test -->
  </suite> <!-- Suite -->
</testng-results>
