<?xml version="1.0" encoding="UTF-8"?>
<!-- Generated by org.testng.reporters.JUnitXMLReporter -->
<testsuite ignored="0" hostname="ProminentPixel" failures="0" tests="3" name="Default test" time="0.045" errors="0" timestamp="2023-11-22T11:06:08 IST">
  <testcase classname="test.Demo4" name="loginAPIHomeLoan" time="0.006"/>
  <testcase classname="test.Demo4" name="mobileLoginHomeLoan" time="0.001"/>
  <testcase classname="test.Demo4" name="webLoginHomeLoan" time="0.001"/>
</testsuite> <!-- Default test -->
