<?xml version="1.0" encoding="UTF-8"?>
<!-- Generated by org.testng.reporters.JUnitXMLReporter -->
<testsuite ignored="0" hostname="ProminentPixel" failures="0" tests="4" name="Test" time="0.043" errors="0" timestamp="2023-11-25T12:32:43 IST">
  <testcase classname="MevenPractices.MavenJava.AppiumTest" name="IOSApps" time="0.008"/>
  <testcase classname="MevenPractices.MavenJava.AppiumTest" name="nativeAppsAndroids" time="0.002"/>
  <testcase classname="MevenPractices.MavenJava.SeleniumTest" name="BrowserAutomation" time="0.0"/>
  <testcase classname="MevenPractices.MavenJava.SeleniumTest" name="elementUI" time="0.0"/>
</testsuite> <!-- Test -->
