<?xml version="1.0" encoding="UTF-8"?>
<!-- Generated by org.testng.reporters.JUnitXMLReporter -->
<testsuite ignored="0" hostname="ProminentPixel" failures="0" tests="4" name="Test" time="37.325" errors="0" timestamp="2023-11-30T11:39:29 IST">
  <testcase classname="Selenium.E2EProject.ValidateUserLogin" name="basePageNavigation" time="4.987"/>
  <testcase classname="Selenium.E2EProject.ValidateUserLogin" name="basePageNavigation" time="7.375"/>
  <testcase classname="Selenium.E2EProject.ValidateNavigationbar" name="validNavbar" time="0.066"/>
  <testcase classname="Selenium.E2EProject.ValidateTitleHome" name="validTitle" time="0.05"/>
</testsuite> <!-- Test -->
