<?xml version="1.0" encoding="UTF-8"?>
<!-- Generated by org.testng.reporters.JUnitXMLReporter -->
<testsuite ignored="0" hostname="ProminentPixel" failures="0" tests="4" name="Test" time="19.638" errors="0" timestamp="2023-11-30T14:22:15 IST">
  <testcase classname="Selenium.E2EProject.ValidateUserLogin" name="basePageNavigation" time="3.982"/>
  <testcase classname="Selenium.E2EProject.ValidateUserLogin" name="basePageNavigation" time="5.21"/>
  <testcase classname="Selenium.E2EProject.ValidateNavigationbar" name="validNavbar" time="0.057"/>
  <testcase classname="Selenium.E2EProject.ValidateTitleHome" name="validTitle" time="0.091"/>
</testsuite> <!-- Test -->
