<?xml version="1.0" encoding="UTF-8"?>
<!-- Generated by org.testng.reporters.JUnitXMLReporter -->
<testsuite ignored="0" hostname="ProminentPixel" failures="0" tests="2" name="Validating title in HomePage" time="0.051" errors="0" timestamp="2023-12-04T10:43:34 IST">
  <testcase classname="Selenium.E2EProject.ValidateTitleHome" name="validHeader" time="0.0">
    <skipped/>
  </testcase> <!-- validHeader -->
  <testcase classname="Selenium.E2EProject.ValidateTitleHome" name="validTitle" time="0.0">
    <skipped/>
  </testcase> <!-- validTitle -->
</testsuite> <!-- Validating title in HomePage -->
