<?xml version="1.0" encoding="UTF-8"?>
<!-- Generated by org.testng.reporters.JUnitXMLReporter -->
<testsuite ignored="0" hostname="ProminentPixel" failures="1" tests="1" name="Validating title in HomePage" time="5.064" errors="0" timestamp="2023-11-30T17:20:29 IST">
  <testcase classname="Selenium.E2EProject.ValidateTitleHome" name="validTitle" time="0.084">
    <failure type="java.lang.AssertionError" message="expected:&amp;lt;Featured Courses&amp;gt; but was:&amp;lt;Featured Courses123&amp;gt;">
      <![CDATA[java.lang.AssertionError: expected:<Featured Courses> but was:<Featured Courses123>
at Selenium.E2EProject.ValidateTitleHome.validTitle(ValidateTitleHome.java:38)
at java.base/java.util.ArrayList.forEach(ArrayList.java:1511)
at java.base/java.util.concurrent.FutureTask.run(FutureTask.java:264)
at java.base/java.util.concurrent.ThreadPoolExecutor.runWorker(ThreadPoolExecutor.java:1136)
at java.base/java.util.concurrent.ThreadPoolExecutor$Worker.run(ThreadPoolExecutor.java:635)
at java.base/java.lang.Thread.run(Thread.java:833)
... Removed 19 stack frames]]>
    </failure>
  </testcase> <!-- validTitle -->
</testsuite> <!-- Validating title in HomePage -->
