<?xml version="1.0" encoding="UTF-8"?>
<!-- Generated by org.testng.reporters.JUnitXMLReporter -->
<testsuite ignored="0" hostname="ProminentPixel" failures="0" tests="1" name="Validating Navigationbar in HomePage" time="0.058" errors="0" timestamp="2023-12-04T10:43:34 IST">
  <testcase classname="Selenium.E2EProject.ValidateTitleHome" name="@BeforeTest initialize" time="0.007">
    <failure type="java.lang.NullPointerException" message="Cannot invoke &amp;quot;String.contains(java.lang.CharSequence)&amp;quot; because &amp;quot;browserName&amp;quot; is null">
      <![CDATA[java.lang.NullPointerException: Cannot invoke "String.contains(java.lang.CharSequence)" because "browserName" is null
at resources.base.initializeDriver(base.java:32)
at Selenium.E2EProject.ValidateTitleHome.initialize(ValidateTitleHome.java:24)
at java.base/java.util.concurrent.FutureTask.run(FutureTask.java:264)
at java.base/java.util.concurrent.ThreadPoolExecutor.runWorker(ThreadPoolExecutor.java:1136)
at java.base/java.util.concurrent.ThreadPoolExecutor$Worker.run(ThreadPoolExecutor.java:635)
at java.base/java.lang.Thread.run(Thread.java:833)
... Removed 14 stack frames]]>
    </failure>
  </testcase> <!-- @BeforeTest initialize -->
  <testcase classname="Selenium.E2EProject.ValidateTitleHome" name="@AfterTest tearDown" time="0.0">
    <skipped/>
  </testcase> <!-- @AfterTest tearDown -->
  <testcase classname="Selenium.E2EProject.ValidateNavigationbar" name="validNavbar" time="0.0">
    <skipped/>
  </testcase> <!-- validNavbar -->
</testsuite> <!-- Validating Navigationbar in HomePage -->
