<?xml version="1.0" encoding="UTF-8"?>
<!-- Generated by org.testng.reporters.JUnitXMLReporter -->
<testsuite ignored="0" hostname="ProminentPixel" failures="0" tests="2" name="Validating Login Functionality" time="13.496" errors="0" timestamp="2023-11-30T16:58:38 IST">
  <testcase classname="Selenium.E2EProject.ValidateUserLogin" name="basePageNavigation" time="3.68"/>
  <testcase classname="Selenium.E2EProject.ValidateUserLogin" name="basePageNavigation" time="4.239"/>
</testsuite> <!-- Validating Login Functionality -->
