<?xml version="1.0" encoding="UTF-8"?>
<!-- Generated by org.testng.reporters.JUnitXMLReporter -->
<testsuite ignored="0" hostname="ProminentPixel" failures="0" tests="2" name="Validating Login Functionality" time="17.484" errors="0" timestamp="2023-11-30T15:01:12 IST">
  <testcase classname="Selenium.E2EProject.ValidateUserLogin" name="basePageNavigation" time="3.991"/>
  <testcase classname="Selenium.E2EProject.ValidateUserLogin" name="basePageNavigation" time="4.442"/>
</testsuite> <!-- Validating Login Functionality -->
